20230112-19:59:23.000000000 : Created session
20230112-19:59:23.000000000 : Connecting to fix.prime.coinbase.com on port 4198 (Source :0)
20230112-19:59:23.000000000 : Initiated logon request
20230112-19:59:23.000000000 : SSL read error <6> Undefined error: 0(errno=0)
20230112-19:59:23.000000000 : Socket Error: Connection reset by peer.
20230112-19:59:23.000000000 : Disconnecting
20230112-19:59:33.000000000 : Connecting to fix.prime.coinbase.com on port 4198 (Source :0)
20230112-19:59:33.000000000 : Initiated logon request
20230112-19:59:33.000000000 : SSL read error <6> Undefined error: 0(errno=0)
20230112-19:59:33.000000000 : Socket Error: Connection reset by peer.
20230112-19:59:33.000000000 : Disconnecting
20230112-20:07:20.000000000 : Created session
20230112-20:07:20.000000000 : Connecting to fix.prime.coinbase.com on port 4198 (Source :0)
20230112-20:07:20.000000000 : Initiated logon request
20230112-20:07:20.000000000 : Logon contains ResetSeqNumFlag=Y, reseting sequence numbers to 1
20230112-20:07:20.000000000 : Received logon response
20230112-20:07:43.000000000 : Received logout request
20230112-20:07:43.000000000 : Sending logout response
20230112-20:07:43.000000000 : Disconnecting
20230112-20:07:43.000000000 : Initiated logon request
20230112-20:11:04.000000000 : Created session
20230112-20:11:04.000000000 : Connecting to fix.prime.coinbase.com on port 4198 (Source :0)
20230112-20:11:04.000000000 : Initiated logon request
20230112-20:11:04.000000000 : Logon contains ResetSeqNumFlag=Y, reseting sequence numbers to 1
20230112-20:11:04.000000000 : Received logon response
20230112-20:12:19.000000000 : Received logout request
20230112-20:12:19.000000000 : Sending logout response
20230112-20:12:19.000000000 : Disconnecting
20230112-20:12:19.000000000 : Initiated logon request
20230112-20:13:40.000000000 : Created session
20230112-20:13:40.000000000 : Connecting to fix.prime.coinbase.com on port 4198 (Source :0)
20230112-20:13:40.000000000 : Initiated logon request
20230112-20:13:41.000000000 : Logon contains ResetSeqNumFlag=Y, reseting sequence numbers to 1
20230112-20:13:41.000000000 : Received logon response
20230112-20:16:51.000000000 : Created session
20230112-20:16:51.000000000 : Connecting to fix.prime.coinbase.com on port 4198 (Source :0)
20230112-20:16:51.000000000 : Initiated logon request
20230112-20:16:51.000000000 : Logon contains ResetSeqNumFlag=Y, reseting sequence numbers to 1
20230112-20:16:51.000000000 : Received logon response
20230112-20:18:08.000000000 : Created session
20230112-20:18:08.000000000 : Connecting to fix.prime.coinbase.com on port 4198 (Source :0)
20230112-20:18:08.000000000 : Initiated logon request
20230112-20:18:09.000000000 : Logon contains ResetSeqNumFlag=Y, reseting sequence numbers to 1
20230112-20:18:09.000000000 : Received logon response
20230112-20:22:07.000000000 : Received logout request
20230112-20:22:07.000000000 : Sending logout response
20230112-20:22:07.000000000 : Disconnecting
20230112-20:22:07.000000000 : Initiated logon request
20230112-20:22:08.000000000 : Connecting to fix.prime.coinbase.com on port 4198 (Source :0)
20230112-20:22:08.000000000 : Initiated logon request
20230112-20:22:11.000000000 : Created session
20230112-20:22:11.000000000 : Connecting to fix.prime.coinbase.com on port 4198 (Source :0)
20230112-20:22:11.000000000 : Initiated logon request
20230112-20:22:11.000000000 : Logon contains ResetSeqNumFlag=Y, reseting sequence numbers to 1
20230112-20:22:11.000000000 : Received logon response
20230112-20:22:26.000000000 : Received logout request
20230112-20:22:26.000000000 : Sending logout response
20230112-20:22:26.000000000 : Disconnecting
20230112-20:22:26.000000000 : Initiated logon request
20230113-15:37:16.000000000 : Created session
20230113-15:37:16.000000000 : Connecting to fix.prime.coinbase.com on port 4198 (Source :0)
20230113-15:37:16.000000000 : Initiated logon request
20230113-15:37:16.000000000 : Logon contains ResetSeqNumFlag=Y, reseting sequence numbers to 1
20230113-15:37:16.000000000 : Received logon response
20230113-15:37:22.000000000 : Created session
20230113-15:37:22.000000000 : Connecting to fix.prime.coinbase.com on port 4198 (Source :0)
20230113-15:37:22.000000000 : Initiated logon request
20230113-15:37:22.000000000 : Logon contains ResetSeqNumFlag=Y, reseting sequence numbers to 1
20230113-15:37:22.000000000 : Received logon response
20230117-22:45:13.000000000 : Created session
20230117-22:45:13.000000000 : Connecting to fix.prime.coinbase.com on port 4198 (Source :0)
20230117-22:45:13.000000000 : Initiated logon request
20230117-22:45:13.000000000 : Logon contains ResetSeqNumFlag=Y, reseting sequence numbers to 1
20230117-22:45:13.000000000 : Received logon response
20230117-22:46:27.000000000 : Created session
20230117-22:46:27.000000000 : Connecting to fix.prime.coinbase.com on port 4198 (Source :0)
20230117-22:46:27.000000000 : Initiated logon request
20230117-22:46:28.000000000 : Logon contains ResetSeqNumFlag=Y, reseting sequence numbers to 1
20230117-22:46:28.000000000 : Received logon response
20230117-22:46:36.000000000 : Received logout request
20230117-22:46:36.000000000 : Sending logout response
20230117-22:46:36.000000000 : Disconnecting
20230117-22:46:36.000000000 : Initiated logon request
20230117-22:46:37.000000000 : Connecting to fix.prime.coinbase.com on port 4198 (Source :0)
20230117-22:46:37.000000000 : Initiated logon request
20230117-22:46:37.000000000 : Logon contains ResetSeqNumFlag=Y, reseting sequence numbers to 1
20230117-22:46:37.000000000 : Received logon response
20230117-22:46:44.000000000 : Created session
20230117-22:46:44.000000000 : Connecting to fix.prime.coinbase.com on port 4198 (Source :0)
20230117-22:46:44.000000000 : Initiated logon request
20230117-22:46:44.000000000 : Logon contains ResetSeqNumFlag=Y, reseting sequence numbers to 1
20230117-22:46:44.000000000 : Received logon response
20230117-22:46:47.000000000 : Received logout request
20230117-22:46:47.000000000 : Sending logout response
20230117-22:46:47.000000000 : Disconnecting
20230117-22:46:47.000000000 : Initiated logon request
20230117-22:47:29.000000000 : Created session
20230117-22:47:29.000000000 : Connecting to fix.prime.coinbase.com on port 4198 (Source :0)
20230117-22:47:29.000000000 : Initiated logon request
20230117-22:47:29.000000000 : Logon contains ResetSeqNumFlag=Y, reseting sequence numbers to 1
20230117-22:47:29.000000000 : Received logon response
20230117-22:47:32.000000000 : Received logout request
20230117-22:47:32.000000000 : Sending logout response
20230117-22:47:32.000000000 : Disconnecting
20230117-22:47:32.000000000 : Initiated logon request
20230117-22:47:53.000000000 : Created session
20230117-22:47:53.000000000 : Connecting to fix.prime.coinbase.com on port 4198 (Source :0)
20230117-22:47:53.000000000 : Initiated logon request
20230117-22:47:53.000000000 : Logon contains ResetSeqNumFlag=Y, reseting sequence numbers to 1
20230117-22:47:53.000000000 : Received logon response
20230117-22:50:39.000000000 : Created session
20230117-22:50:39.000000000 : Connecting to fix.prime.coinbase.com on port 4198 (Source :0)
20230117-22:50:39.000000000 : Initiated logon request
20230117-22:50:39.000000000 : Logon contains ResetSeqNumFlag=Y, reseting sequence numbers to 1
20230117-22:50:39.000000000 : Received logon response
20230117-22:50:51.000000000 : Created session
20230117-22:50:51.000000000 : Connecting to fix.prime.coinbase.com on port 4198 (Source :0)
20230117-22:50:51.000000000 : Initiated logon request
20230117-22:50:51.000000000 : Logon contains ResetSeqNumFlag=Y, reseting sequence numbers to 1
20230117-22:50:51.000000000 : Received logon response
20230117-22:51:06.000000000 : Created session
20230117-22:51:06.000000000 : Connecting to fix.prime.coinbase.com on port 4198 (Source :0)
20230117-22:51:06.000000000 : Initiated logon request
20230117-22:51:06.000000000 : Logon contains ResetSeqNumFlag=Y, reseting sequence numbers to 1
20230117-22:51:06.000000000 : Received logon response
20230118-15:50:14.000000000 : Created session
20230118-15:50:14.000000000 : Connecting to fix.prime.coinbase.com on port 4198 (Source :0)
20230118-15:50:14.000000000 : Initiated logon request
20230118-15:50:14.000000000 : Logon contains ResetSeqNumFlag=Y, reseting sequence numbers to 1
20230118-15:50:14.000000000 : Received logon response
20230118-15:51:32.000000000 : Created session
20230118-15:51:32.000000000 : Connecting to fix.prime.coinbase.com on port 4198 (Source :0)
20230118-15:51:32.000000000 : Initiated logon request
20230118-15:51:32.000000000 : Logon contains ResetSeqNumFlag=Y, reseting sequence numbers to 1
20230118-15:51:32.000000000 : Received logon response
20230118-15:51:51.000000000 : Created session
20230118-15:51:51.000000000 : Connecting to fix.prime.coinbase.com on port 4198 (Source :0)
20230118-15:51:51.000000000 : Initiated logon request
20230118-15:51:51.000000000 : Logon contains ResetSeqNumFlag=Y, reseting sequence numbers to 1
20230118-15:51:51.000000000 : Received logon response
20230118-15:51:53.000000000 : Received logout request
20230118-15:51:53.000000000 : Sending logout response
20230118-15:51:53.000000000 : Disconnecting
20230118-15:51:53.000000000 : Initiated logon request
20230118-15:52:05.000000000 : Created session
20230118-15:52:05.000000000 : Connecting to fix.prime.coinbase.com on port 4198 (Source :0)
20230118-15:52:05.000000000 : Initiated logon request
20230118-15:52:05.000000000 : Logon contains ResetSeqNumFlag=Y, reseting sequence numbers to 1
20230118-15:52:05.000000000 : Received logon response
20230118-15:52:07.000000000 : Received logout request
20230118-15:52:07.000000000 : Sending logout response
20230118-15:52:07.000000000 : Disconnecting
20230118-15:52:07.000000000 : Initiated logon request
20230118-15:52:44.000000000 : Created session
20230118-15:52:44.000000000 : Connecting to fix.prime.coinbase.com on port 4198 (Source :0)
20230118-15:52:44.000000000 : Initiated logon request
20230118-15:52:44.000000000 : Logon contains ResetSeqNumFlag=Y, reseting sequence numbers to 1
20230118-15:52:44.000000000 : Received logon response
20230118-15:53:19.000000000 : Received logout request
20230118-15:53:19.000000000 : Sending logout response
20230118-15:53:19.000000000 : Disconnecting
20230118-15:53:19.000000000 : Initiated logon request
20230118-15:53:23.000000000 : Created session
20230118-15:53:23.000000000 : Connecting to fix.prime.coinbase.com on port 4198 (Source :0)
20230118-15:53:23.000000000 : Initiated logon request
20230118-15:53:23.000000000 : Logon contains ResetSeqNumFlag=Y, reseting sequence numbers to 1
20230118-15:53:23.000000000 : Received logon response
20230118-15:53:54.000000000 : Created session
20230118-15:53:54.000000000 : Connecting to fix.prime.coinbase.com on port 4198 (Source :0)
20230118-15:53:54.000000000 : Initiated logon request
20230118-15:53:54.000000000 : Logon contains ResetSeqNumFlag=Y, reseting sequence numbers to 1
20230118-15:53:54.000000000 : Received logon response
20230118-15:54:35.000000000 : Received logout request
20230118-15:54:35.000000000 : Sending logout response
20230118-15:54:35.000000000 : Disconnecting
20230118-15:54:35.000000000 : Initiated logon request
20230118-15:54:38.000000000 : Created session
20230118-15:54:38.000000000 : Connecting to fix.prime.coinbase.com on port 4198 (Source :0)
20230118-15:54:38.000000000 : Initiated logon request
20230118-15:54:38.000000000 : Logon contains ResetSeqNumFlag=Y, reseting sequence numbers to 1
20230118-15:54:38.000000000 : Received logon response
20230118-15:55:31.000000000 : Created session
20230118-15:55:31.000000000 : Connecting to fix.prime.coinbase.com on port 4198 (Source :0)
20230118-15:55:32.000000000 : Initiated logon request
20230118-15:55:32.000000000 : Logon contains ResetSeqNumFlag=Y, reseting sequence numbers to 1
20230118-15:55:32.000000000 : Received logon response
20230118-15:56:20.000000000 : Created session
20230118-15:56:20.000000000 : Connecting to fix.prime.coinbase.com on port 4198 (Source :0)
20230118-15:56:20.000000000 : Initiated logon request
20230118-15:56:21.000000000 : Logon contains ResetSeqNumFlag=Y, reseting sequence numbers to 1
20230118-15:56:21.000000000 : Received logon response
20230118-16:20:24.000000000 : Created session
20230118-16:20:24.000000000 : Connecting to fix.prime.coinbase.com on port 4198 (Source :0)
20230118-16:20:24.000000000 : Initiated logon request
20230118-16:20:24.000000000 : Logon contains ResetSeqNumFlag=Y, reseting sequence numbers to 1
20230118-16:20:24.000000000 : Received logon response
20230118-16:44:44.000000000 : Created session
20230118-16:44:44.000000000 : Connecting to fix.prime.coinbase.com on port 4198 (Source :0)
20230118-16:44:44.000000000 : Initiated logon request
20230118-16:44:44.000000000 : Logon contains ResetSeqNumFlag=Y, reseting sequence numbers to 1
20230118-16:44:44.000000000 : Received logon response
20230118-16:51:10.000000000 : Timed out waiting for heartbeat
20230118-16:51:10.000000000 : Disconnecting
20230118-16:51:10.000000000 : Initiated logon request
20230118-16:51:20.000000000 : Connecting to fix.prime.coinbase.com on port 4198 (Source :0)
20230118-16:51:20.000000000 : Initiated logon request
20230118-16:51:20.000000000 : Logon contains ResetSeqNumFlag=Y, reseting sequence numbers to 1
20230118-16:51:20.000000000 : Received logon response
20230118-16:56:56.000000000 : Timed out waiting for heartbeat
20230118-16:56:56.000000000 : Disconnecting
20230118-16:56:56.000000000 : Initiated logon request
20230118-16:57:06.000000000 : Connecting to fix.prime.coinbase.com on port 4198 (Source :0)
20230118-16:57:06.000000000 : Initiated logon request
20230118-16:57:06.000000000 : Logon contains ResetSeqNumFlag=Y, reseting sequence numbers to 1
20230118-16:57:06.000000000 : Received logon response
20230118-17:02:05.000000000 : Timed out waiting for heartbeat
20230118-17:02:05.000000000 : Disconnecting
20230118-17:02:05.000000000 : Initiated logon request
20230118-17:02:15.000000000 : Connecting to fix.prime.coinbase.com on port 4198 (Source :0)
20230118-17:02:15.000000000 : Initiated logon request
20230118-17:02:15.000000000 : Logon contains ResetSeqNumFlag=Y, reseting sequence numbers to 1
20230118-17:02:15.000000000 : Received logon response
20230118-17:18:48.000000000 : Timed out waiting for heartbeat
20230118-17:18:48.000000000 : Disconnecting
20230118-17:18:48.000000000 : Initiated logon request
20230118-17:18:58.000000000 : Connecting to fix.prime.coinbase.com on port 4198 (Source :0)
20230118-17:18:58.000000000 : Initiated logon request
20230118-17:18:58.000000000 : Logon contains ResetSeqNumFlag=Y, reseting sequence numbers to 1
20230118-17:18:58.000000000 : Received logon response
20230118-17:38:46.000000000 : Timed out waiting for heartbeat
20230118-17:38:46.000000000 : Disconnecting
20230118-17:38:46.000000000 : Initiated logon request
20230118-17:38:56.000000000 : Connecting to fix.prime.coinbase.com on port 4198 (Source :0)
20230118-17:38:56.000000000 : Initiated logon request
20230118-17:38:56.000000000 : Logon contains ResetSeqNumFlag=Y, reseting sequence numbers to 1
20230118-17:38:56.000000000 : Received logon response
20230118-17:50:12.000000000 : Created session
20230118-17:50:12.000000000 : Connecting to fix.prime.coinbase.com on port 4198 (Source :0)
20230118-17:51:51.000000000 : Created session
20230118-17:51:51.000000000 : Connecting to fix.prime.coinbase.com on port 4198 (Source :0)
20230118-17:51:51.000000000 : Initiated logon request
20230118-17:51:52.000000000 : Logon contains ResetSeqNumFlag=Y, reseting sequence numbers to 1
20230118-17:51:52.000000000 : Received logon response
20230118-18:05:24.000000000 : Created session
20230118-18:05:24.000000000 : Connecting to fix.prime.coinbase.com on port 4198 (Source :0)
20230118-18:05:24.000000000 : Initiated logon request
20230118-18:05:24.000000000 : Logon contains ResetSeqNumFlag=Y, reseting sequence numbers to 1
20230118-18:05:24.000000000 : Received logon response
20230118-18:51:48.000000000 : Created session
20230118-18:51:48.000000000 : Connecting to fix.prime.coinbase.com on port 4198 (Source :0)
20230118-18:51:48.000000000 : Initiated logon request
20230118-18:51:48.000000000 : Logon contains ResetSeqNumFlag=Y, reseting sequence numbers to 1
20230118-18:51:48.000000000 : Received logon response
20230118-18:53:35.000000000 : Received logout request
20230118-18:53:35.000000000 : Sending logout response
20230118-18:53:35.000000000 : Disconnecting
20230118-18:53:35.000000000 : Initiated logon request
20230118-18:53:39.000000000 : Created session
20230118-18:53:39.000000000 : Connecting to fix.prime.coinbase.com on port 4198 (Source :0)
20230118-18:53:39.000000000 : Initiated logon request
20230118-18:53:39.000000000 : Logon contains ResetSeqNumFlag=Y, reseting sequence numbers to 1
20230118-18:53:39.000000000 : Received logon response
20230118-18:58:40.000000000 : Created session
20230118-18:58:40.000000000 : Connecting to fix.prime.coinbase.com on port 4198 (Source :0)
20230118-18:58:40.000000000 : Initiated logon request
20230118-18:58:40.000000000 : Logon contains ResetSeqNumFlag=Y, reseting sequence numbers to 1
20230118-18:58:40.000000000 : Received logon response
20230118-18:59:17.000000000 : Created session
20230118-18:59:17.000000000 : Connecting to fix.prime.coinbase.com on port 4198 (Source :0)
20230118-18:59:17.000000000 : Initiated logon request
20230118-18:59:18.000000000 : Logon contains ResetSeqNumFlag=Y, reseting sequence numbers to 1
20230118-18:59:18.000000000 : Received logon response
20230118-19:01:19.000000000 : Created session
20230118-19:01:19.000000000 : Connecting to fix.prime.coinbase.com on port 4198 (Source :0)
20230118-19:01:19.000000000 : Initiated logon request
20230118-19:01:20.000000000 : Logon contains ResetSeqNumFlag=Y, reseting sequence numbers to 1
20230118-19:01:20.000000000 : Received logon response
20230118-19:02:15.000000000 : Received logout request
20230118-19:02:15.000000000 : Sending logout response
20230118-19:02:15.000000000 : Disconnecting
20230118-19:02:15.000000000 : Initiated logon request
20230118-19:02:21.000000000 : Created session
20230118-19:02:21.000000000 : Connecting to fix.prime.coinbase.com on port 4198 (Source :0)
20230118-19:02:21.000000000 : Initiated logon request
20230118-19:02:21.000000000 : Logon contains ResetSeqNumFlag=Y, reseting sequence numbers to 1
20230118-19:02:21.000000000 : Received logon response
20230118-19:05:40.000000000 : Created session
20230118-19:05:40.000000000 : Connecting to fix.prime.coinbase.com on port 4198 (Source :0)
20230118-19:05:40.000000000 : Initiated logon request
20230118-19:05:40.000000000 : Logon contains ResetSeqNumFlag=Y, reseting sequence numbers to 1
20230118-19:05:40.000000000 : Received logon response
20230118-19:06:13.000000000 : Created session
20230118-19:06:13.000000000 : Connecting to fix.prime.coinbase.com on port 4198 (Source :0)
20230118-19:06:14.000000000 : Initiated logon request
20230118-19:06:14.000000000 : Logon contains ResetSeqNumFlag=Y, reseting sequence numbers to 1
20230118-19:06:14.000000000 : Received logon response
20230118-19:09:23.000000000 : Created session
20230118-19:09:23.000000000 : Connecting to fix.prime.coinbase.com on port 4198 (Source :0)
20230118-19:09:23.000000000 : Initiated logon request
20230118-19:09:23.000000000 : Logon contains ResetSeqNumFlag=Y, reseting sequence numbers to 1
20230118-19:09:23.000000000 : Received logon response
20230118-19:10:51.000000000 : Created session
20230118-19:10:51.000000000 : Connecting to fix.prime.coinbase.com on port 4198 (Source :0)
20230118-19:10:51.000000000 : Initiated logon request
20230118-19:10:51.000000000 : Logon contains ResetSeqNumFlag=Y, reseting sequence numbers to 1
20230118-19:10:51.000000000 : Received logon response
20230118-19:12:14.000000000 : Created session
20230118-19:12:14.000000000 : Connecting to fix.prime.coinbase.com on port 4198 (Source :0)
20230118-19:12:14.000000000 : Initiated logon request
20230118-19:12:14.000000000 : Logon contains ResetSeqNumFlag=Y, reseting sequence numbers to 1
20230118-19:12:14.000000000 : Received logon response
20230118-19:13:23.000000000 : Created session
20230118-19:13:23.000000000 : Connecting to fix.prime.coinbase.com on port 4198 (Source :0)
20230118-19:13:23.000000000 : Initiated logon request
20230118-19:13:23.000000000 : Logon contains ResetSeqNumFlag=Y, reseting sequence numbers to 1
20230118-19:13:23.000000000 : Received logon response
20230118-19:18:31.000000000 : Created session
20230118-19:18:31.000000000 : Connecting to fix.prime.coinbase.com on port 4198 (Source :0)
20230118-19:18:31.000000000 : Initiated logon request
20230118-19:18:31.000000000 : Logon contains ResetSeqNumFlag=Y, reseting sequence numbers to 1
20230118-19:18:31.000000000 : Received logon response
20230118-19:19:32.000000000 : Created session
20230118-19:19:32.000000000 : Connecting to fix.prime.coinbase.com on port 4198 (Source :0)
20230118-19:19:32.000000000 : Initiated logon request
20230118-19:19:32.000000000 : Logon contains ResetSeqNumFlag=Y, reseting sequence numbers to 1
20230118-19:19:32.000000000 : Received logon response
20230118-19:21:01.000000000 : Created session
20230118-19:21:01.000000000 : Connecting to fix.prime.coinbase.com on port 4198 (Source :0)
20230118-19:21:01.000000000 : Initiated logon request
20230118-19:21:01.000000000 : Logon contains ResetSeqNumFlag=Y, reseting sequence numbers to 1
20230118-19:21:01.000000000 : Received logon response
20230118-19:22:03.000000000 : Created session
20230118-19:22:03.000000000 : Connecting to fix.prime.coinbase.com on port 4198 (Source :0)
20230118-19:22:03.000000000 : Initiated logon request
20230118-19:22:03.000000000 : Logon contains ResetSeqNumFlag=Y, reseting sequence numbers to 1
20230118-19:22:03.000000000 : Received logon response
20230118-19:24:18.000000000 : Created session
20230118-19:24:18.000000000 : Connecting to fix.prime.coinbase.com on port 4198 (Source :0)
20230118-19:24:18.000000000 : Initiated logon request
20230118-19:24:18.000000000 : Logon contains ResetSeqNumFlag=Y, reseting sequence numbers to 1
20230118-19:24:18.000000000 : Received logon response
20230118-19:35:59.000000000 : Created session
20230118-19:35:59.000000000 : Connecting to fix.prime.coinbase.com on port 4198 (Source :0)
20230118-19:35:59.000000000 : Initiated logon request
20230118-19:35:59.000000000 : Logon contains ResetSeqNumFlag=Y, reseting sequence numbers to 1
20230118-19:35:59.000000000 : Received logon response
20230118-19:36:50.000000000 : Created session
20230118-19:36:50.000000000 : Connecting to fix.prime.coinbase.com on port 4198 (Source :0)
20230118-19:36:50.000000000 : Initiated logon request
20230118-19:36:50.000000000 : Logon contains ResetSeqNumFlag=Y, reseting sequence numbers to 1
20230118-19:36:50.000000000 : Received logon response
20230118-19:37:35.000000000 : Created session
20230118-19:37:35.000000000 : Connecting to fix.prime.coinbase.com on port 4198 (Source :0)
20230118-19:37:35.000000000 : Initiated logon request
20230118-19:37:35.000000000 : Logon contains ResetSeqNumFlag=Y, reseting sequence numbers to 1
20230118-19:37:35.000000000 : Received logon response
20230118-19:38:08.000000000 : Created session
20230118-19:38:08.000000000 : Connecting to fix.prime.coinbase.com on port 4198 (Source :0)
20230118-19:38:08.000000000 : Initiated logon request
20230118-19:38:08.000000000 : Logon contains ResetSeqNumFlag=Y, reseting sequence numbers to 1
20230118-19:38:08.000000000 : Received logon response
20230118-19:38:35.000000000 : Created session
20230118-19:38:35.000000000 : Connecting to fix.prime.coinbase.com on port 4198 (Source :0)
20230118-19:38:35.000000000 : Initiated logon request
20230118-19:38:35.000000000 : Logon contains ResetSeqNumFlag=Y, reseting sequence numbers to 1
20230118-19:38:35.000000000 : Received logon response
20230118-19:39:04.000000000 : Created session
20230118-19:39:04.000000000 : Connecting to fix.prime.coinbase.com on port 4198 (Source :0)
20230118-19:39:04.000000000 : Initiated logon request
20230118-19:39:04.000000000 : Logon contains ResetSeqNumFlag=Y, reseting sequence numbers to 1
20230118-19:39:04.000000000 : Received logon response
20230118-19:53:25.000000000 : Created session
20230118-19:53:25.000000000 : Connecting to fix.prime.coinbase.com on port 4198 (Source :0)
20230118-19:53:25.000000000 : Initiated logon request
20230118-19:53:25.000000000 : Logon contains ResetSeqNumFlag=Y, reseting sequence numbers to 1
20230118-19:53:25.000000000 : Received logon response
20230118-19:53:35.000000000 : Created session
20230118-19:53:35.000000000 : Connecting to fix.prime.coinbase.com on port 4198 (Source :0)
20230118-19:53:35.000000000 : Initiated logon request
20230118-19:53:35.000000000 : Logon contains ResetSeqNumFlag=Y, reseting sequence numbers to 1
20230118-19:53:35.000000000 : Received logon response
20230118-19:56:44.000000000 : Created session
20230118-19:56:44.000000000 : Connecting to fix.prime.coinbase.com on port 4198 (Source :0)
20230118-19:56:44.000000000 : Initiated logon request
20230118-19:56:44.000000000 : Logon contains ResetSeqNumFlag=Y, reseting sequence numbers to 1
20230118-19:56:44.000000000 : Received logon response
20230118-20:07:54.000000000 : Created session
20230118-20:07:54.000000000 : Connecting to fix.prime.coinbase.com on port 4198 (Source :0)
20230118-20:07:54.000000000 : Initiated logon request
20230118-20:07:54.000000000 : Logon contains ResetSeqNumFlag=Y, reseting sequence numbers to 1
20230118-20:07:54.000000000 : Received logon response
20230118-20:08:18.000000000 : Created session
20230118-20:08:18.000000000 : Connecting to fix.prime.coinbase.com on port 4198 (Source :0)
20230118-20:08:18.000000000 : Initiated logon request
20230118-20:08:18.000000000 : Logon contains ResetSeqNumFlag=Y, reseting sequence numbers to 1
20230118-20:08:18.000000000 : Received logon response
20230118-20:08:20.000000000 : Message 2 Rejected: Tag specified without a value:41
20230118-20:08:49.000000000 : Created session
20230118-20:08:49.000000000 : Connecting to fix.prime.coinbase.com on port 4198 (Source :0)
20230118-20:08:49.000000000 : Initiated logon request
20230118-20:08:49.000000000 : Logon contains ResetSeqNumFlag=Y, reseting sequence numbers to 1
20230118-20:08:49.000000000 : Received logon response
20230118-20:08:51.000000000 : Message 2 Rejected: Tag specified without a value:41
20230118-20:11:04.000000000 : Created session
20230118-20:11:04.000000000 : Connecting to fix.prime.coinbase.com on port 4198 (Source :0)
20230118-20:11:04.000000000 : Initiated logon request
20230118-20:11:04.000000000 : Logon contains ResetSeqNumFlag=Y, reseting sequence numbers to 1
20230118-20:11:04.000000000 : Received logon response
20230118-20:11:06.000000000 : Message 2 Rejected: Tag specified without a value:41
20230118-20:12:11.000000000 : Created session
20230118-20:12:11.000000000 : Connecting to fix.prime.coinbase.com on port 4198 (Source :0)
20230118-20:12:11.000000000 : Initiated logon request
20230118-20:12:11.000000000 : Logon contains ResetSeqNumFlag=Y, reseting sequence numbers to 1
20230118-20:12:11.000000000 : Received logon response
20230118-20:18:46.000000000 : Created session
20230118-20:18:46.000000000 : Connecting to fix.prime.coinbase.com on port 4198 (Source :0)
20230118-20:18:46.000000000 : Initiated logon request
20230118-20:18:46.000000000 : Logon contains ResetSeqNumFlag=Y, reseting sequence numbers to 1
20230118-20:18:46.000000000 : Received logon response
20230118-20:18:48.000000000 : Message 2 Rejected: Tag specified without a value:41
20230118-20:19:42.000000000 : Created session
20230118-20:19:42.000000000 : Connecting to fix.prime.coinbase.com on port 4198 (Source :0)
20230118-20:19:42.000000000 : Initiated logon request
20230118-20:19:42.000000000 : Logon contains ResetSeqNumFlag=Y, reseting sequence numbers to 1
20230118-20:19:42.000000000 : Received logon response
20230118-20:19:44.000000000 : Message 2 Rejected: Tag specified without a value:41
20230118-20:21:32.000000000 : Created session
20230118-20:21:32.000000000 : Connecting to fix.prime.coinbase.com on port 4198 (Source :0)
20230118-20:21:32.000000000 : Initiated logon request
20230118-20:21:32.000000000 : Logon contains ResetSeqNumFlag=Y, reseting sequence numbers to 1
20230118-20:21:32.000000000 : Received logon response
20230118-20:28:18.000000000 : Created session
20230118-20:28:18.000000000 : Connecting to fix.prime.coinbase.com on port 4198 (Source :0)
20230118-20:28:18.000000000 : Initiated logon request
20230118-20:28:19.000000000 : Logon contains ResetSeqNumFlag=Y, reseting sequence numbers to 1
20230118-20:28:19.000000000 : Received logon response
20230118-20:29:28.000000000 : Created session
20230118-20:29:28.000000000 : Connecting to fix.prime.coinbase.com on port 4198 (Source :0)
20230118-20:29:28.000000000 : Initiated logon request
20230118-20:29:28.000000000 : Logon contains ResetSeqNumFlag=Y, reseting sequence numbers to 1
20230118-20:29:28.000000000 : Received logon response
20230118-20:29:38.000000000 : Created session
20230118-20:29:38.000000000 : Connecting to fix.prime.coinbase.com on port 4198 (Source :0)
20230118-20:29:38.000000000 : Initiated logon request
20230118-20:29:39.000000000 : Logon contains ResetSeqNumFlag=Y, reseting sequence numbers to 1
20230118-20:29:39.000000000 : Received logon response
20230118-20:31:06.000000000 : Created session
20230118-20:31:06.000000000 : Connecting to fix.prime.coinbase.com on port 4198 (Source :0)
20230118-20:31:06.000000000 : Initiated logon request
20230118-20:31:06.000000000 : Logon contains ResetSeqNumFlag=Y, reseting sequence numbers to 1
20230118-20:31:06.000000000 : Received logon response
20230118-20:32:12.000000000 : Created session
20230118-20:32:12.000000000 : Connecting to fix.prime.coinbase.com on port 4198 (Source :0)
20230118-20:32:12.000000000 : Initiated logon request
20230118-20:32:12.000000000 : Logon contains ResetSeqNumFlag=Y, reseting sequence numbers to 1
20230118-20:32:12.000000000 : Received logon response
20230118-20:35:29.000000000 : Created session
20230118-20:35:29.000000000 : Connecting to fix.prime.coinbase.com on port 4198 (Source :0)
20230118-20:35:29.000000000 : Initiated logon request
20230118-20:35:29.000000000 : Logon contains ResetSeqNumFlag=Y, reseting sequence numbers to 1
20230118-20:35:29.000000000 : Received logon response
20230118-20:37:27.000000000 : Created session
20230118-20:37:27.000000000 : Connecting to fix.prime.coinbase.com on port 4198 (Source :0)
20230118-20:37:27.000000000 : Initiated logon request
20230118-20:37:27.000000000 : Logon contains ResetSeqNumFlag=Y, reseting sequence numbers to 1
20230118-20:37:27.000000000 : Received logon response
20230118-20:37:32.000000000 : Created session
20230118-20:37:32.000000000 : Connecting to fix.prime.coinbase.com on port 4198 (Source :0)
20230118-20:37:32.000000000 : Initiated logon request
20230118-20:37:32.000000000 : Logon contains ResetSeqNumFlag=Y, reseting sequence numbers to 1
20230118-20:37:32.000000000 : Received logon response
20230118-20:37:39.000000000 : Created session
20230118-20:37:39.000000000 : Connecting to fix.prime.coinbase.com on port 4198 (Source :0)
20230118-20:37:39.000000000 : Initiated logon request
20230118-20:37:39.000000000 : Logon contains ResetSeqNumFlag=Y, reseting sequence numbers to 1
20230118-20:37:39.000000000 : Received logon response
20230118-20:42:02.000000000 : Created session
20230118-20:42:02.000000000 : Connecting to fix.prime.coinbase.com on port 4198 (Source :0)
20230118-20:42:02.000000000 : Initiated logon request
20230118-20:42:02.000000000 : Logon contains ResetSeqNumFlag=Y, reseting sequence numbers to 1
20230118-20:42:02.000000000 : Received logon response
20230118-20:44:12.000000000 : Created session
20230118-20:44:12.000000000 : Connecting to fix.prime.coinbase.com on port 4198 (Source :0)
20230118-20:44:12.000000000 : Initiated logon request
20230118-20:44:12.000000000 : Logon contains ResetSeqNumFlag=Y, reseting sequence numbers to 1
20230118-20:44:12.000000000 : Received logon response
20230118-20:45:31.000000000 : Created session
20230118-20:45:31.000000000 : Connecting to fix.prime.coinbase.com on port 4198 (Source :0)
20230118-20:45:31.000000000 : Initiated logon request
20230118-20:45:32.000000000 : Logon contains ResetSeqNumFlag=Y, reseting sequence numbers to 1
20230118-20:45:32.000000000 : Received logon response
20230119-15:09:42.000000000 : Created session
20230119-15:09:42.000000000 : Connecting to fix.prime.coinbase.com on port 4198 (Source :0)
20230119-15:09:42.000000000 : Initiated logon request
20230119-15:09:42.000000000 : Logon contains ResetSeqNumFlag=Y, reseting sequence numbers to 1
20230119-15:09:42.000000000 : Received logon response
20230119-15:09:47.000000000 : Created session
20230119-15:09:47.000000000 : Connecting to fix.prime.coinbase.com on port 4198 (Source :0)
20230119-15:09:47.000000000 : Initiated logon request
20230119-15:09:47.000000000 : Logon contains ResetSeqNumFlag=Y, reseting sequence numbers to 1
20230119-15:09:47.000000000 : Received logon response
